2025-09-03 10:07:32,667 [INFO] Activator:176 - 


2025-09-03 10:07:32,672 [INFO] Activator:177 - !SESSION log4j initialized
2025-09-03 10:07:38,843 [INFO] LogOutputStream:77 - [STDOUT_REDIRECT] 
2025-09-03 10:07:40,402 [INFO] ApplicationProperties:184 - Using Application install path: C:\ST\STM32CubeIDE_1.19.0\STM32CubeIDE\plugins\com.st.stm32cube.common.mx_6.15.0.202507011659
2025-09-03 10:07:40,420 [INFO] DbMcusXml:78 - Set database path to: C:\ST\STM32CubeIDE_1.19.0\STM32CubeIDE\plugins\com.st.stm32cube.common.mx_6.15.0.202507011659\\db\/mcu/
2025-09-03 10:07:40,420 [INFO] ApiDb:274 - Set plugin database path to: C:\ST\STM32CubeIDE_1.19.0\STM32CubeIDE\plugins\com.st.stm32cube.common.mx_6.15.0.202507011659\\db\/plugins/boardmanager/
2025-09-03 10:07:40,420 [WARN] ApiDb:259 - Overriding images path with different value:  => C:\ST\STM32CubeIDE_1.19.0\STM32CubeIDE\plugins\com.st.stm32cube.common.mx_6.15.0.202507011659\\db\/plugins/mcufinder/images/
2025-09-03 10:07:40,427 [INFO] ApiDb:250 - Set database path to: C:\Users\nsorr\.stmcufinder\plugins\mcufinder//mcu/
2025-09-03 10:07:40,428 [INFO] DbMcusAds:125 - Set database path to: C:\Users\nsorr\.stmcufinder\plugins\mcufinder//mcu/
2025-09-03 10:07:40,430 [INFO] CrossReferenceDbSqlite:203 - Set database path to: C:\Users\nsorr\.stmcufinder\plugins\mcufinder//mcu/cs/
2025-09-03 10:07:40,510 [INFO] RulesReader:64 - Compatibility file has been processed (317 Rules)
2025-09-03 10:07:40,579 [INFO] DbMcusXml:78 - Set database path to: C:\ST\STM32CubeIDE_1.19.0\STM32CubeIDE\plugins\com.st.stm32cube.common.mx_6.15.0.202507011659\\db\/mcu/
2025-09-03 10:07:40,579 [INFO] ApiDb:274 - Set plugin database path to: C:\ST\STM32CubeIDE_1.19.0\STM32CubeIDE\plugins\com.st.stm32cube.common.mx_6.15.0.202507011659\\db\/plugins/boardmanager/
2025-09-03 10:07:40,580 [INFO] ApiDb:261 - Set plugin images path to: C:\ST\STM32CubeIDE_1.19.0\STM32CubeIDE\plugins\com.st.stm32cube.common.mx_6.15.0.202507011659\\db\/plugins/mcufinder/images/
2025-09-03 10:07:40,580 [WARN] DbFile:41 - Overriding database path with different value: C:\Users\nsorr\.stmcufinder\plugins\mcufinder/ => C:\Users\nsorr\.stmcufinder\plugins\mcufinder
2025-09-03 10:07:40,580 [INFO] ApiDb:250 - Set database path to: C:\Users\nsorr\.stmcufinder\plugins\mcufinder//mcu/
2025-09-03 10:07:40,580 [WARN] DbFile:41 - Overriding database path with different value: C:\Users\nsorr\.stmcufinder\plugins\mcufinder/ => C:\Users\nsorr\.stmcufinder\plugins\mcufinder
2025-09-03 10:07:40,580 [INFO] DbMcusAds:125 - Set database path to: C:\Users\nsorr\.stmcufinder\plugins\mcufinder//mcu/
2025-09-03 10:07:40,580 [WARN] DbFile:41 - Overriding database path with different value: C:\Users\nsorr\.stmcufinder\plugins\mcufinder/ => C:\Users\nsorr\.stmcufinder\plugins\mcufinder
2025-09-03 10:07:40,580 [WARN] DbFile:41 - Overriding database path with different value: C:\Users\nsorr\.stmcufinder\plugins\mcufinder/ => C:\Users\nsorr\.stmcufinder\plugins\mcufinder
2025-09-03 10:07:40,580 [INFO] CrossReferenceDbSqlite:203 - Set database path to: C:\Users\nsorr\.stmcufinder\plugins\mcufinder//mcu/cs/
2025-09-03 10:07:40,636 [INFO] MainPanel:274 - HeapMemory: 268435456
2025-09-03 10:07:40,738 [INFO] DbMcusXml:78 - Set database path to: C:\ST\STM32CubeIDE_1.19.0\STM32CubeIDE\plugins\com.st.stm32cube.common.mx_6.15.0.202507011659\\db\/mcu/
2025-09-03 10:07:40,738 [INFO] ApiDb:274 - Set plugin database path to: C:\ST\STM32CubeIDE_1.19.0\STM32CubeIDE\plugins\com.st.stm32cube.common.mx_6.15.0.202507011659\\db\/plugins/boardmanager/
2025-09-03 10:07:40,738 [INFO] ApiDb:261 - Set plugin images path to: C:\ST\STM32CubeIDE_1.19.0\STM32CubeIDE\plugins\com.st.stm32cube.common.mx_6.15.0.202507011659\\db\/plugins/mcufinder/images/
2025-09-03 10:07:40,738 [WARN] DbFile:41 - Overriding database path with different value: C:\Users\nsorr\.stmcufinder\plugins\mcufinder/ => C:\Users\nsorr\.stmcufinder\plugins\mcufinder
2025-09-03 10:07:40,738 [INFO] ApiDb:250 - Set database path to: C:\Users\nsorr\.stmcufinder\plugins\mcufinder//mcu/
2025-09-03 10:07:40,738 [WARN] DbFile:41 - Overriding database path with different value: C:\Users\nsorr\.stmcufinder\plugins\mcufinder/ => C:\Users\nsorr\.stmcufinder\plugins\mcufinder
2025-09-03 10:07:40,738 [INFO] DbMcusAds:125 - Set database path to: C:\Users\nsorr\.stmcufinder\plugins\mcufinder//mcu/
2025-09-03 10:07:40,738 [WARN] DbFile:41 - Overriding database path with different value: C:\Users\nsorr\.stmcufinder\plugins\mcufinder/ => C:\Users\nsorr\.stmcufinder\plugins\mcufinder
2025-09-03 10:07:40,738 [WARN] DbFile:41 - Overriding database path with different value: C:\Users\nsorr\.stmcufinder\plugins\mcufinder/ => C:\Users\nsorr\.stmcufinder\plugins\mcufinder
2025-09-03 10:07:40,739 [INFO] CrossReferenceDbSqlite:203 - Set database path to: C:\Users\nsorr\.stmcufinder\plugins\mcufinder//mcu/cs/
2025-09-03 10:07:40,753 [INFO] ApplicationProperties:184 - Using Application install path: C:\ST\STM32CubeIDE_1.19.0\STM32CubeIDE\plugins\com.st.stm32cube.common.mx_6.15.0.202507011659
2025-09-03 10:07:40,754 [INFO] PluginManage:196 - Search for loadable plugins [exclusion list=, ]
2025-09-03 10:07:40,756 [INFO] PluginManage:310 - Check plugin analytics
2025-09-03 10:07:40,952 [INFO] AnalyticsPlugin:253 - Accepted Software Licenses: STM32CubeMX.6.15.0
2025-09-03 10:07:40,952 [INFO] AnalyticsPlugin:255 - Accepted CMSIS Pack Licenses: 
2025-09-03 10:07:40,952 [INFO] AnalyticsPlugin:257 - Accepted Firmware Licenses: 
2025-09-03 10:07:40,956 [INFO] PluginManage:359 - Loaded plugin analytics (category:tool,tabindex:-1)
2025-09-03 10:07:40,957 [INFO] PluginManage:310 - Check plugin cadmodel
2025-09-03 10:07:40,962 [INFO] CADModel:105 - Init CAD model plugin
2025-09-03 10:07:40,962 [INFO] PluginManage:359 - Loaded plugin cadmodel (category:power,tabindex:5)
2025-09-03 10:07:40,964 [INFO] PluginManage:310 - Check plugin clock
2025-09-03 10:07:40,971 [INFO] PluginManage:359 - Loaded plugin clock (category:base,tabindex:2)
2025-09-03 10:07:40,972 [INFO] PluginManage:310 - Check plugin ddr
2025-09-03 10:07:40,974 [INFO] PluginManage:359 - Loaded plugin ddr (category:tool,tabindex:6)
2025-09-03 10:07:40,974 [INFO] PluginManage:310 - Check plugin filemanager
2025-09-03 10:07:41,097 [INFO] PluginManage:359 - Loaded plugin filemanager (category:base,tabindex:10)
2025-09-03 10:07:41,097 [INFO] PluginManage:310 - Check plugin ipmanager
2025-09-03 10:07:41,102 [INFO] PluginManage:359 - Loaded plugin ipmanager (category:base,tabindex:5)
2025-09-03 10:07:41,102 [INFO] PluginManage:310 - Check plugin lpbam
2025-09-03 10:07:41,109 [INFO] PluginManage:359 - Loaded plugin lpbam (category:base,tabindex:0)
2025-09-03 10:07:41,109 [INFO] PluginManage:310 - Check plugin memorymap
2025-09-03 10:07:41,121 [INFO] PluginManage:359 - Loaded plugin memorymap (category:base,tabindex:4)
2025-09-03 10:07:41,121 [INFO] PluginManage:310 - Check plugin pinoutandconfiguration
2025-09-03 10:07:41,128 [INFO] PluginManage:359 - Loaded plugin pinoutandconfiguration (category:base,tabindex:1)
2025-09-03 10:07:41,128 [INFO] PluginManage:310 - Check plugin pinoutconfig
2025-09-03 10:07:41,192 [WARN] SupportedApi:132 - Cannot load RTOS API schema: s4s-elt-must-match.1: The content of 'definitions' must match (annotation?, (simpleType | complexType)?, (unique | key | keyref)*)). A problem was found starting at: attribute.
2025-09-03 10:07:41,298 [INFO] PluginManage:359 - Loaded plugin pinoutconfig (category:base,tabindex:0)
2025-09-03 10:07:41,298 [INFO] PluginManage:310 - Check plugin power
2025-09-03 10:07:41,305 [INFO] PluginManage:359 - Loaded plugin power (category:power,tabindex:4)
2025-09-03 10:07:41,305 [INFO] PluginManage:310 - Check plugin projectmanager
2025-09-03 10:07:41,316 [INFO] PluginManage:359 - Loaded plugin projectmanager (category:projectmanager,tabindex:4)
2025-09-03 10:07:41,316 [INFO] PluginManage:310 - Check plugin rif
2025-09-03 10:07:41,325 [INFO] PluginManage:359 - Loaded plugin rif (category:base,tabindex:3)
2025-09-03 10:07:41,325 [INFO] PluginManage:310 - Check plugin thirdparty
2025-09-03 10:07:41,433 [INFO] PluginManage:359 - Loaded plugin thirdparty (category:base,tabindex:-1)
2025-09-03 10:07:41,433 [WARN] IntegrityCheckThread:84 - waiting for thirdparty lock release [integrity check]
2025-09-03 10:07:41,433 [INFO] PluginManage:310 - Check plugin tools
2025-09-03 10:07:41,433 [INFO] IntegrityCheckThread:86 - entering critical section [integrity check]
2025-09-03 10:07:41,433 [INFO] ThirdPartyUpdaterWithRetryManager:70 - Updater plugin not ready yet. [1/15]
2025-09-03 10:07:41,435 [INFO] PluginManage:359 - Loaded plugin tools (category:base,tabindex:7)
2025-09-03 10:07:41,435 [INFO] PluginManage:310 - Check plugin tutovideos
2025-09-03 10:07:41,607 [INFO] PluginManage:359 - Loaded plugin tutovideos (category:base,tabindex:-1)
2025-09-03 10:07:41,607 [INFO] PluginManage:310 - Check plugin updater
2025-09-03 10:07:41,624 [INFO] PluginManage:359 - Loaded plugin updater (category:base,tabindex:12)
2025-09-03 10:07:41,625 [INFO] PluginManage:310 - Check plugin userauth
2025-09-03 10:07:41,628 [INFO] UserAuth:118 - Init User Auth plugin
2025-09-03 10:07:41,628 [INFO] PluginManage:359 - Loaded plugin userauth (category:base,tabindex:14)
2025-09-03 10:07:41,629 [INFO] PluginManage:283 - PluginManage : Loaded plugins [18]
2025-09-03 10:07:41,783 [INFO] PinOutPanel:1589 - setPackage(No Configuration,No Configuration)
2025-09-03 10:07:41,846 [INFO] CADModel:165 - CPN selected for project level
2025-09-03 10:07:41,846 [INFO] CADModel:114 - Register for checkConnection events
2025-09-03 10:07:41,861 [INFO] IPUIPlugin:80 - create IPUIPlugin
2025-09-03 10:07:41,862 [INFO] PluginManager:220 - loadIPPluginJar : add adc
2025-09-03 10:07:41,863 [INFO] IPUIPlugin:80 - create IPUIPlugin
2025-09-03 10:07:41,864 [INFO] PluginManager:220 - loadIPPluginJar : add aes
2025-09-03 10:07:41,866 [INFO] IPUIPlugin:80 - create IPUIPlugin
2025-09-03 10:07:41,866 [INFO] PluginManager:220 - loadIPPluginJar : add can
2025-09-03 10:07:41,867 [INFO] IPUIPlugin:80 - create IPUIPlugin
2025-09-03 10:07:41,867 [INFO] PluginManager:220 - loadIPPluginJar : add comp
2025-09-03 10:07:41,869 [INFO] IPUIPlugin:80 - create IPUIPlugin
2025-09-03 10:07:41,869 [INFO] PluginManager:220 - loadIPPluginJar : add cryp
2025-09-03 10:07:41,871 [INFO] IPUIPlugin:80 - create IPUIPlugin
2025-09-03 10:07:41,871 [INFO] PluginManager:220 - loadIPPluginJar : add ddr_ctrl_phy
2025-09-03 10:07:41,874 [INFO] IPUIPlugin:80 - create IPUIPlugin
2025-09-03 10:07:41,874 [INFO] PluginManager:220 - loadIPPluginJar : add dfsdm
2025-09-03 10:07:41,878 [INFO] IPUIPlugin:80 - create IPUIPlugin
2025-09-03 10:07:41,878 [INFO] PluginManager:220 - loadIPPluginJar : add dma
2025-09-03 10:07:41,881 [INFO] IPUIPlugin:80 - create IPUIPlugin
2025-09-03 10:07:41,881 [INFO] PluginManager:220 - loadIPPluginJar : add dma3
2025-09-03 10:07:41,883 [INFO] IPUIPlugin:80 - create IPUIPlugin
2025-09-03 10:07:41,883 [INFO] PluginManager:220 - loadIPPluginJar : add extmemmanager
2025-09-03 10:07:41,884 [INFO] IPUIPlugin:80 - create IPUIPlugin
2025-09-03 10:07:41,884 [INFO] PluginManager:220 - loadIPPluginJar : add fatfs
2025-09-03 10:07:41,887 [INFO] IPUIPlugin:80 - create IPUIPlugin
2025-09-03 10:07:41,887 [INFO] PluginManager:220 - loadIPPluginJar : add fmc
2025-09-03 10:07:41,893 [INFO] IPUIPlugin:80 - create IPUIPlugin
2025-09-03 10:07:41,893 [INFO] PluginManager:220 - loadIPPluginJar : add freertos
2025-09-03 10:07:41,894 [INFO] IPUIPlugin:80 - create IPUIPlugin
2025-09-03 10:07:41,894 [INFO] PluginManager:220 - loadIPPluginJar : add genericplugin
2025-09-03 10:07:41,896 [INFO] IPUIPlugin:80 - create IPUIPlugin
2025-09-03 10:07:41,896 [INFO] PluginManager:220 - loadIPPluginJar : add gfxmmu
2025-09-03 10:07:41,899 [INFO] IPUIPlugin:80 - create IPUIPlugin
2025-09-03 10:07:41,899 [INFO] PluginManager:220 - loadIPPluginJar : add gic
2025-09-03 10:07:41,902 [INFO] IPUIPlugin:80 - create IPUIPlugin
2025-09-03 10:07:41,902 [INFO] PluginManager:220 - loadIPPluginJar : add gpio
2025-09-03 10:07:41,904 [INFO] IPUIPlugin:80 - create IPUIPlugin
2025-09-03 10:07:41,904 [INFO] PluginManager:220 - loadIPPluginJar : add gtzc
2025-09-03 10:07:41,905 [INFO] IPUIPlugin:80 - create IPUIPlugin
2025-09-03 10:07:41,905 [INFO] PluginManager:220 - loadIPPluginJar : add hash
2025-09-03 10:07:41,908 [INFO] IPUIPlugin:80 - create IPUIPlugin
2025-09-03 10:07:41,908 [INFO] PluginManager:220 - loadIPPluginJar : add i2c
2025-09-03 10:07:41,910 [INFO] IPUIPlugin:80 - create IPUIPlugin
2025-09-03 10:07:41,910 [INFO] PluginManager:220 - loadIPPluginJar : add i2s
2025-09-03 10:07:41,912 [INFO] IPUIPlugin:80 - create IPUIPlugin
2025-09-03 10:07:41,912 [INFO] PluginManager:220 - loadIPPluginJar : add i3c
2025-09-03 10:07:41,915 [INFO] IPUIPlugin:80 - create IPUIPlugin
2025-09-03 10:07:41,915 [INFO] PluginManager:220 - loadIPPluginJar : add ipddr
2025-09-03 10:07:41,922 [INFO] IPUIPlugin:80 - create IPUIPlugin
2025-09-03 10:07:41,922 [INFO] PluginManager:220 - loadIPPluginJar : add linkedlist
2025-09-03 10:07:41,925 [INFO] IPUIPlugin:80 - create IPUIPlugin
2025-09-03 10:07:41,925 [INFO] PluginManager:220 - loadIPPluginJar : add lorawan
2025-09-03 10:07:41,926 [INFO] IPUIPlugin:80 - create IPUIPlugin
2025-09-03 10:07:41,926 [INFO] PluginManager:220 - loadIPPluginJar : add ltdc
2025-09-03 10:07:41,931 [INFO] IPUIPlugin:80 - create IPUIPlugin
2025-09-03 10:07:41,931 [INFO] PluginManager:220 - loadIPPluginJar : add mdma
2025-09-03 10:07:41,933 [INFO] IPUIPlugin:80 - create IPUIPlugin
2025-09-03 10:07:41,933 [INFO] PluginManager:220 - loadIPPluginJar : add nvic
2025-09-03 10:07:41,935 [INFO] IPUIPlugin:80 - create IPUIPlugin
2025-09-03 10:07:41,935 [INFO] PluginManager:220 - loadIPPluginJar : add opamp
2025-09-03 10:07:41,938 [INFO] IPUIPlugin:80 - create IPUIPlugin
2025-09-03 10:07:41,938 [INFO] PluginManager:220 - loadIPPluginJar : add openamp
2025-09-03 10:07:41,940 [INFO] IPUIPlugin:80 - create IPUIPlugin
2025-09-03 10:07:41,940 [INFO] PluginManager:220 - loadIPPluginJar : add pdm2pcm
2025-09-03 10:07:41,944 [INFO] IPUIPlugin:80 - create IPUIPlugin
2025-09-03 10:07:41,946 [INFO] PluginManager:220 - loadIPPluginJar : add plateformsettings
2025-09-03 10:07:41,947 [INFO] IPUIPlugin:80 - create IPUIPlugin
2025-09-03 10:07:41,947 [INFO] PluginManager:220 - loadIPPluginJar : add quadspi
2025-09-03 10:07:41,948 [INFO] IPUIPlugin:80 - create IPUIPlugin
2025-09-03 10:07:41,949 [INFO] PluginManager:220 - loadIPPluginJar : add radio
2025-09-03 10:07:41,952 [INFO] IPUIPlugin:80 - create IPUIPlugin
2025-09-03 10:07:41,952 [INFO] PluginManager:220 - loadIPPluginJar : add resmgrutility
2025-09-03 10:07:41,955 [INFO] IPUIPlugin:80 - create IPUIPlugin
2025-09-03 10:07:41,955 [INFO] PluginManager:220 - loadIPPluginJar : add sai
2025-09-03 10:07:41,957 [INFO] IPUIPlugin:80 - create IPUIPlugin
2025-09-03 10:07:41,957 [INFO] PluginManager:220 - loadIPPluginJar : add spi
2025-09-03 10:07:41,960 [INFO] IPUIPlugin:80 - create IPUIPlugin
2025-09-03 10:07:41,960 [INFO] PluginManager:220 - loadIPPluginJar : add stm32_wpan
2025-09-03 10:07:41,962 [INFO] IPUIPlugin:80 - create IPUIPlugin
2025-09-03 10:07:41,962 [INFO] PluginManager:220 - loadIPPluginJar : add tim
2025-09-03 10:07:41,965 [INFO] IPUIPlugin:80 - create IPUIPlugin
2025-09-03 10:07:41,965 [INFO] PluginManager:220 - loadIPPluginJar : add touchsensing
2025-09-03 10:07:41,968 [INFO] IPUIPlugin:80 - create IPUIPlugin
2025-09-03 10:07:41,968 [INFO] PluginManager:220 - loadIPPluginJar : add tracer_emb
2025-09-03 10:07:41,971 [INFO] IPUIPlugin:80 - create IPUIPlugin
2025-09-03 10:07:41,971 [INFO] PluginManager:220 - loadIPPluginJar : add ts
2025-09-03 10:07:41,973 [INFO] IPUIPlugin:80 - create IPUIPlugin
2025-09-03 10:07:41,973 [INFO] PluginManager:220 - loadIPPluginJar : add tsc
2025-09-03 10:07:41,975 [INFO] IPUIPlugin:80 - create IPUIPlugin
2025-09-03 10:07:41,975 [INFO] PluginManager:220 - loadIPPluginJar : add ucpd
2025-09-03 10:07:41,977 [INFO] IPUIPlugin:80 - create IPUIPlugin
2025-09-03 10:07:41,977 [INFO] PluginManager:220 - loadIPPluginJar : add usart
2025-09-03 10:07:41,991 [INFO] IPUIPlugin:80 - create IPUIPlugin
2025-09-03 10:07:41,991 [INFO] PluginManager:220 - loadIPPluginJar : add usbx
2025-09-03 10:07:42,106 [FATAL] Updater:351 - Updater called before beeing initialized
2025-09-03 10:07:42,153 [INFO] RulesReader:64 - Compatibility file has been processed (317 Rules)
2025-09-03 10:07:42,163 [INFO] RulesReader:64 - Compatibility file has been processed (317 Rules)
2025-09-03 10:07:42,177 [INFO] CADModel:165 - CPN selected for project level
2025-09-03 10:07:42,177 [INFO] CADModel:114 - Register for checkConnection events
2025-09-03 10:07:42,177 [FATAL] Updater:351 - Updater called before beeing initialized
2025-09-03 10:07:42,177 [ERROR] CADModel:125 - Updater not yet initialized, retry later 
2025-09-03 10:07:42,315 [FATAL] Updater:351 - Updater called before beeing initialized
2025-09-03 10:07:42,317 [INFO] CADModel:165 - CPN selected for project level
2025-09-03 10:07:42,317 [INFO] CADModel:114 - Register for checkConnection events
2025-09-03 10:07:42,317 [FATAL] Updater:351 - Updater called before beeing initialized
2025-09-03 10:07:42,317 [ERROR] CADModel:125 - Updater not yet initialized, retry later 
2025-09-03 10:07:42,320 [FATAL] Updater:351 - Updater called before beeing initialized
2025-09-03 10:07:42,437 [FATAL] Updater:351 - Updater called before beeing initialized
2025-09-03 10:07:42,440 [INFO] DbMcusAds:53 - JSON generation date=Tue Jul 08 05:14:23 ART 2025 (1751962463582)
2025-09-03 10:07:42,441 [FATAL] Updater:351 - Updater called before beeing initialized
2025-09-03 10:07:42,471 [WARN] DetailPanel:346 - Failed to get advertising image, set to default
2025-09-03 10:07:42,529 [FATAL] Updater:351 - Updater called before beeing initialized
2025-09-03 10:07:42,530 [FATAL] Updater:351 - Updater called before beeing initialized
2025-09-03 10:07:42,530 [FATAL] Updater:351 - Updater called before beeing initialized
2025-09-03 10:07:42,530 [WARN] DetailPanel:346 - Failed to get advertising image, set to default
2025-09-03 10:07:42,532 [FATAL] Updater:351 - Updater called before beeing initialized
2025-09-03 10:07:42,564 [ERROR] Updater:1198 - MainUpdater not yet initialized. External WinMGr cannot be set.
2025-09-03 10:07:42,566 [INFO] Updater:1134 - Updater Version found : 6.15.0
2025-09-03 10:07:42,579 [INFO] ApplicationProperties:184 - Using Application install path: C:\ST\STM32CubeIDE_1.19.0\STM32CubeIDE\plugins\com.st.stm32cube.common.mx_6.15.0.202507011659
2025-09-03 10:07:44,153 [ERROR] LogOutputStream:75 - [STDERR_REDIRECT] Sep 03, 2025 10:07:44 AM java.util.prefs.WindowsPreferences <init>
2025-09-03 10:07:44,155 [ERROR] LogOutputStream:75 - [STDERR_REDIRECT] WARNING: Could not open/create prefs root node Software\JavaSoft\Prefs at root 0xffffffff80000002. Windows RegCreateKeyEx(...) returned error code 5.
2025-09-03 10:07:44,155 [ERROR] LogOutputStream:75 - [STDERR_REDIRECT] 
2025-09-03 10:07:44,435 [INFO] ThirdPartyUpdaterWithRetryManager:70 - Updater plugin not ready yet. [2/15]
2025-09-03 10:07:44,564 [INFO] MainUpdater:2872 - connection check result : 10
2025-09-03 10:07:44,565 [INFO] MainUpdater:3604 - Updater definition file requires update
2025-09-03 10:07:44,566 [INFO] MainUpdater:289 - Updater Check For Update Now.
2025-09-03 10:07:44,566 [INFO] MicroXplorer:498 - Change Database Version : DB.6.0.150
2025-09-03 10:07:44,570 [INFO] McuFinderGlobals:63 - Set McuFinder mode to 2 (CubeIDE integrated)
2025-09-03 10:07:44,571 [INFO] UserAuth:487 - Internet connection configuration mode: 1
2025-09-03 10:07:44,595 [INFO] JxBrowserEngine:152 - Initiate JxBrowser Engine with user profile folder
2025-09-03 10:07:44,645 [INFO] ServerAccessManage:452 - Complete download http(s) 200
2025-09-03 10:07:44,645 [INFO] ServerAccessManage:509 - Download File updaters.zip
2025-09-03 10:07:44,865 [INFO] FileExtend:248 - Unzip File : updaters.zip
2025-09-03 10:07:44,865 [INFO] FileExtend:263 - Standard Zip Deflate
2025-09-03 10:07:45,204 [INFO] ServerAccessManage:452 - Complete download http(s) 200
2025-09-03 10:07:45,205 [INFO] ServerAccessManage:509 - Download File PacksControlFlags.xml
2025-09-03 10:07:45,305 [INFO] ServerAccessManage:452 - Complete download http(s) 200
2025-09-03 10:07:45,305 [INFO] ServerAccessManage:509 - Download File cubemx.pidx
2025-09-03 10:07:45,391 [INFO] LoadServerUpdatesThread:375 - End of LoadServerUpdate Thread
2025-09-03 10:07:45,528 [INFO] CheckServerUpdateThread:120 - End of CheckServer Thread
2025-09-03 10:07:46,311 [INFO] WebApp:169 - Instantiating new browser for Auth
2025-09-03 10:07:46,990 [INFO] WebApp:463 - Apply proxy settings
2025-09-03 10:07:46,990 [INFO] WebApp:548 - Chromium requires no authentication
2025-09-03 10:07:46,999 [INFO] WebApp:491 - Direct internet connection detected
2025-09-03 10:07:47,020 [INFO] WebApp:900 - Register for checkConnection events
2025-09-03 10:07:47,021 [INFO] WebApp:463 - Apply proxy settings
2025-09-03 10:07:47,021 [INFO] WebApp:548 - Chromium requires no authentication
2025-09-03 10:07:47,021 [INFO] WebApp:491 - Direct internet connection detected
2025-09-03 10:07:47,186 [INFO] WebApp:225 - Starting web application
2025-09-03 10:07:47,186 [INFO] WebApp:593 - Web application path used C:\ST\STM32CubeIDE_1.19.0\STM32CubeIDE\plugins\com.st.stm32cube.common.mx_6.15.0.202507011659\db\plugins\mcufinder\reactClient1\index.html
2025-09-03 10:07:47,314 [INFO] WebApp:191 - Connection restablished
2025-09-03 10:07:47,340 [INFO] UserAuth:487 - Internet connection configuration mode: 1
2025-09-03 10:07:47,666 [WARN] PackLoader:240 - Cannot read IP mode file for STMicroelectronics.FP-SNS-MOTENVWB1.1.4.0
2025-09-03 10:07:47,673 [WARN] PackLoader:240 - Cannot read IP mode file for STMicroelectronics.FP-ATR-ASTRA1.2.0.2
2025-09-03 10:07:47,680 [WARN] PackLoader:240 - Cannot read IP mode file for STMicroelectronics.X-CUBE-SMBUS.2.1.0
2025-09-03 10:07:47,684 [WARN] PackLoader:240 - Cannot read IP mode file for STMicroelectronics.X-CUBE-ST60.1.0.0
2025-09-03 10:07:47,709 [WARN] PackLoader:240 - Cannot read IP mode file for STMicroelectronics.X-CUBE-AZRTOS-F7.1.1.0
2025-09-03 10:07:47,728 [WARN] PackLoader:240 - Cannot read IP mode file for Infineon.AIROC-Wi-Fi-Bluetooth-STM32.1.7.1
2025-09-03 10:07:47,746 [WARN] PackLoader:240 - Cannot read IP mode file for STMicroelectronics.X-CUBE-AZRTOS-H7.3.4.0
2025-09-03 10:07:47,755 [WARN] PackLoader:240 - Cannot read IP mode file for STMicroelectronics.X-CUBE-DISPLAY.3.0.0
2025-09-03 10:07:47,766 [WARN] PackLoader:240 - Cannot read IP mode file for STMicroelectronics.X-CUBE-NFC10.1.0.0
2025-09-03 10:07:47,771 [WARN] PackLoader:240 - Cannot read IP mode file for emotas.I-CUBE-CANOPEN.1.3.0
2025-09-03 10:07:47,777 [WARN] PackLoader:240 - Cannot read IP mode file for STMicroelectronics.FP-SNS-STBOX1.2.1.0
2025-09-03 10:07:47,782 [WARN] PackLoader:240 - Cannot read IP mode file for STMicroelectronics.FP-SNS-SMARTAG2.1.2.0
2025-09-03 10:07:47,787 [WARN] PackLoader:240 - Cannot read IP mode file for STMicroelectronics.FP-SNS-FLIGHT1.5.1.0
2025-09-03 10:07:47,794 [INFO] LogOutputStream:77 - [STDOUT_REDIRECT] 1 : Invalid condition id : UX_CORESTACK_Condition cause : null
2025-09-03 10:07:47,795 [INFO] LogOutputStream:77 - [STDOUT_REDIRECT] 1 : Invalid condition id : UX_CORESTACK_Condition cause : null
2025-09-03 10:07:47,795 [INFO] LogOutputStream:77 - [STDOUT_REDIRECT] 1 : Invalid condition id : UX_CORESTACK_Condition cause : null
2025-09-03 10:07:47,797 [INFO] LogOutputStream:77 - [STDOUT_REDIRECT] 1 : Invalid condition id : UX_CORESTACK_Condition cause : null
2025-09-03 10:07:47,797 [INFO] LogOutputStream:77 - [STDOUT_REDIRECT] 1 : Invalid condition id : UX_CORESTACK_Condition cause : null
2025-09-03 10:07:47,800 [WARN] PackLoader:240 - Cannot read IP mode file for STMicroelectronics.X-CUBE-AZRTOS-WL.2.0.0
2025-09-03 10:07:47,805 [WARN] PackLoader:240 - Cannot read IP mode file for STMicroelectronics.FP-SNS-MOTENV1.5.0.0
2025-09-03 10:07:47,812 [WARN] PackLoader:240 - Cannot read IP mode file for WES.I-CUBE-Cesium.1.3.0
2025-09-03 10:07:47,819 [WARN] PackLoader:240 - Cannot read IP mode file for STMicroelectronics.X-CUBE-BLE2.3.3.0
2025-09-03 10:07:47,827 [WARN] PackLoader:240 - Cannot read IP mode file for STMicroelectronics.X-CUBE-NFC9.1.0.0
2025-09-03 10:07:47,833 [WARN] PackLoader:240 - Cannot read IP mode file for wolfSSL.I-CUBE-wolfSSL.5.8.2
2025-09-03 10:07:47,838 [WARN] PackLoader:240 - Cannot read IP mode file for STMicroelectronics.X-CUBE-BLE1.7.1.0
2025-09-03 10:07:47,842 [WARN] PackLoader:240 - Cannot read IP mode file for wolfSSL.I-CUBE-wolfMQTT.1.19.2
2025-09-03 10:07:47,849 [WARN] PackLoader:240 - Cannot read IP mode file for STMicroelectronics.X-CUBE-EEPRMA1.5.2.0
2025-09-03 10:07:47,862 [WARN] PackLoader:240 - Cannot read IP mode file for STMicroelectronics.X-CUBE-AZRTOS-G0.1.1.0
2025-09-03 10:07:47,868 [WARN] PackLoader:240 - Cannot read IP mode file for STMicroelectronics.X-CUBE-SAFEA1.1.2.2
2025-09-03 10:07:47,874 [WARN] PackLoader:240 - Cannot read IP mode file for STMicroelectronics.X-CUBE-NFC4.3.0.0
2025-09-03 10:07:47,883 [WARN] PackLoader:240 - Cannot read IP mode file for EmbeddedOffice.I-CUBE-FS-RTOS.1.0.1
2025-09-03 10:07:47,890 [WARN] PackLoader:240 - Cannot read IP mode file for STMicroelectronics.X-CUBE-WB05N.2.0.0
2025-09-03 10:07:47,894 [WARN] PackLoader:240 - Cannot read IP mode file for wolfSSL.I-CUBE-wolfTPM.3.8.0
2025-09-03 10:07:47,899 [WARN] PackLoader:240 - Cannot read IP mode file for STMicroelectronics.X-CUBE-TCPP.4.2.0
2025-09-03 10:07:47,905 [WARN] PackLoader:240 - Cannot read IP mode file for RealThread.X-CUBE-RT-Thread_Nano.4.1.1
2025-09-03 10:07:47,909 [WARN] PackLoader:240 - Cannot read IP mode file for STMicroelectronics.FP-ATR-SIGFOX1.3.2.0
2025-09-03 10:07:47,913 [WARN] PackLoader:240 - Cannot read IP mode file for ITTIA_DB.I-CUBE-ITTIADB.8.9.0
2025-09-03 10:07:47,919 [WARN] PackLoader:240 - Cannot read IP mode file for STMicroelectronics.X-CUBE-ST67W61.1.0.0
2025-09-03 10:07:47,922 [WARN] PackLoader:240 - Cannot read IP mode file for STMicroelectronics.X-CUBE-AI.10.2.0
2025-09-03 10:07:47,940 [WARN] PackLoader:240 - Cannot read IP mode file for SEGGER.I-CUBE-embOS.1.3.1
2025-09-03 10:07:47,976 [WARN] PackLoader:240 - Cannot read IP mode file for STMicroelectronics.X-CUBE-ALGOBUILD.1.4.0
2025-09-03 10:07:48,008 [WARN] PackLoader:240 - Cannot read IP mode file for STMicroelectronics.X-CUBE-MEMS1.11.3.0
2025-09-03 10:07:48,107 [WARN] PackLoader:240 - Cannot read IP mode file for STMicroelectronics.X-CUBE-PM33A1.1.0.0
2025-09-03 10:07:48,122 [WARN] PackLoader:240 - Cannot read IP mode file for STMicroelectronics.X-CUBE-AZRTOS-F4.1.1.0
2025-09-03 10:07:48,128 [WARN] PackLoader:240 - Cannot read IP mode file for Avnet-IotConnect.X-CUBE-IoTC-DA16k-PMOD.1.0.0
2025-09-03 10:07:48,131 [WARN] PackLoader:240 - Cannot read IP mode file for STMicroelectronics.X-CUBE-ISPU.2.1.0
2025-09-03 10:07:48,138 [WARN] PackLoader:240 - Cannot read IP mode file for STMicroelectronics.X-CUBE-NFC12.1.0.0
2025-09-03 10:07:48,151 [WARN] PackLoader:240 - Cannot read IP mode file for STMicroelectronics.X-CUBE-AZRTOS-L5.2.0.0
2025-09-03 10:07:48,159 [WARN] PackLoader:240 - Cannot read IP mode file for STMicroelectronics.X-CUBE-NFC6.3.1.0
2025-09-03 10:07:48,165 [WARN] PackLoader:240 - Cannot read IP mode file for STMicroelectronics.X-CUBE-FREERTOS.1.3.1
2025-09-03 10:07:48,170 [WARN] PackLoader:240 - Cannot read IP mode file for STMicroelectronics.FP-SNS-STAIOTCFT.1.0.0
2025-09-03 10:07:48,175 [WARN] PackLoader:240 - Cannot read IP mode file for STMicroelectronics.X-CUBE-DPower.1.3.0
2025-09-03 10:07:48,187 [WARN] ConditionMgr:438 - getConditionDescription Invalid condition id : LAN8742 Phy interface Condition cause : null
2025-09-03 10:07:48,188 [WARN] PackLoader:240 - Cannot read IP mode file for STMicroelectronics.X-CUBE-AZRTOS-L4.2.0.0
2025-09-03 10:07:48,189 [WARN] ConditionMgr:1044 - genDependencies : Invalid condition id : LAN8742 Phy interface Condition cause : null
2025-09-03 10:07:48,189 [WARN] ConditionMgr:1044 - genDependencies : Invalid condition id : LAN8742 Phy interface Condition cause : null
2025-09-03 10:07:48,189 [WARN] ConditionMgr:1044 - genDependencies : Invalid condition id : LAN8742 Phy interface Condition cause : null
2025-09-03 10:07:48,196 [WARN] PackLoader:240 - Cannot read IP mode file for STMicroelectronics.X-CUBE-SFXS2LP1.4.0.0
2025-09-03 10:07:48,207 [WARN] PackLoader:240 - Cannot read IP mode file for STMicroelectronics.X-CUBE-BLEMGR.4.1.0
2025-09-03 10:07:48,220 [WARN] ConditionMgr:438 - getConditionDescription Invalid condition id : UX DEVICE CLASS RTOS Condition cause : null
2025-09-03 10:07:48,220 [WARN] ConditionMgr:438 - getConditionDescription Invalid condition id : UX DEVICE CLASS RTOS Condition cause : null
2025-09-03 10:07:48,221 [WARN] PackLoader:240 - Cannot read IP mode file for STMicroelectronics.X-CUBE-AZRTOS-WB.2.0.0
2025-09-03 10:07:48,221 [WARN] ConditionMgr:1044 - genDependencies : Invalid condition id : UX DEVICE CLASS RTOS Condition cause : null
2025-09-03 10:07:48,222 [WARN] ConditionMgr:1044 - genDependencies : Invalid condition id : UX DEVICE CLASS RTOS Condition cause : null
2025-09-03 10:07:48,222 [WARN] ConditionMgr:1044 - genDependencies : Invalid condition id : UX DEVICE CLASS RTOS Condition cause : null
2025-09-03 10:07:48,222 [WARN] ConditionMgr:1044 - genDependencies : Invalid condition id : UX DEVICE CLASS RTOS Condition cause : null
2025-09-03 10:07:48,222 [WARN] ConditionMgr:1044 - genDependencies : Invalid condition id : UX DEVICE CLASS RTOS Condition cause : null
2025-09-03 10:07:48,226 [WARN] PackLoader:240 - Cannot read IP mode file for STMicroelectronics.X-CUBE-GNSS1.7.0.1
2025-09-03 10:07:48,233 [WARN] PackLoader:240 - Cannot read IP mode file for STMicroelectronics.X-CUBE-TOUCHGFX.4.25.0
2025-09-03 10:07:48,237 [WARN] ConditionMgr:438 - getConditionDescription Invalid condition id : Cortex-A Device cause : null
2025-09-03 10:07:48,251 [WARN] ConditionMgr:1044 - genDependencies : Invalid condition id : Cortex-A Device cause : null
2025-09-03 10:07:48,252 [WARN] ConditionMgr:1044 - genDependencies : Invalid condition id : Cortex-A Device cause : null
2025-09-03 10:07:48,252 [WARN] ConditionMgr:1044 - genDependencies : Invalid condition id : Cortex-A Device cause : null
2025-09-03 10:07:48,262 [WARN] PackLoader:240 - Cannot read IP mode file for STMicroelectronics.X-CUBE-SUBG2.5.0.0
2025-09-03 10:07:48,284 [WARN] PackLoader:240 - Cannot read IP mode file for STMicroelectronics.X-CUBE-AZRTOS-H7RS.1.1.0
2025-09-03 10:07:48,291 [WARN] PackLoader:240 - Cannot read IP mode file for Cesanta.I-CUBE-Mongoose.7.13.0
2025-09-03 10:07:48,298 [WARN] PackLoader:240 - Cannot read IP mode file for STMicroelectronics.X-CUBE-AZRTOS-G4.2.0.0
2025-09-03 10:07:48,302 [WARN] PackLoader:240 - Cannot read IP mode file for wolfSSL.I-CUBE-wolfSSH.1.4.20
2025-09-03 10:07:48,308 [WARN] PackLoader:240 - Cannot read IP mode file for STMicroelectronics.X-CUBE-NFC7.2.0.0
2025-09-03 10:07:48,317 [WARN] PackLoader:240 - Cannot read IP mode file for STMicroelectronics.X-CUBE-IPS.3.1.0
2025-09-03 10:07:48,327 [WARN] PackLoader:240 - Cannot read IP mode file for STMicroelectronics.X-CUBE-ALS.1.0.2
2025-09-03 10:07:48,334 [WARN] PackLoader:240 - Cannot read IP mode file for portGmbH.I-Cube-SoM-uGOAL.1.1.0
2025-09-03 10:07:48,344 [WARN] PackLoader:240 - Cannot read IP mode file for STMicroelectronics.X-CUBE-TOF1.3.4.3
2025-09-03 10:07:48,358 [INFO] ThirdParty:978 - Integrity check success = true
2025-09-03 10:07:48,358 [INFO] IntegrityCheckThread:100 - exiting critical section [integrity check]
2025-09-03 10:07:48,358 [INFO] IntegrityCheckThread:103 - End integrity checks thread
2025-09-03 11:29:54,532 [INFO] WebApp:194 - Connection lost
2025-09-03 11:29:54,643 [INFO] WebApp:191 - Connection restablished
2025-09-03 11:54:50,438 [ERROR] LogOutputStream:75 - [STDERR_REDIRECT] 
